Combined server running at http://localhost:3000
Demo page: http://localhost:3000
API endpoints: http://localhost:3000/api/*
Server PID: 3360
Received SIGHUP, shutting down gracefully...
Server closed successfully
[2025-04-02T13:14:03.152Z] Starting both main server and proxy server...
[2025-04-02T13:14:03.171Z] Server PID: 3749, Proxy PID: 3750
[2025-04-02T13:14:03.171Z] Both servers started successfully. Press Ctrl+C to exit.
[2025-04-02T13:14:57.218Z] Starting both main server and proxy server...
[2025-04-02T13:14:57.230Z] Server PID: 4055, Proxy PID: 4056
[2025-04-02T13:14:57.230Z] Both servers started successfully. Press Ctrl+C to exit.
[2025-04-02T13:23:18.213Z] Starting both main server and proxy server...
[2025-04-02T13:23:18.255Z] Server PID: 5239, Proxy PID: 5240
[2025-04-02T13:23:18.255Z] Both servers started successfully. Press Ctrl+C to exit.
[2025-04-02T23:29:07.712Z] Starting both main server and proxy server...
[2025-04-02T23:29:07.735Z] Server PID: 6316, Proxy PID: 6317
[2025-04-02T23:29:07.735Z] Both servers started successfully. Press Ctrl+C to exit.
[2025-04-03T16:41:31.579Z] Starting both main server and proxy server...
[2025-04-03T16:41:31.606Z] Server PID: 20943, Proxy PID: 20944
[2025-04-03T16:41:31.607Z] Both servers started successfully. Press Ctrl+C to exit.
[2025-04-03T18:55:51.420Z] Starting both main server and proxy server...
[2025-04-03T18:55:51.433Z] Server PID: 7512, Proxy PID: 7513
[2025-04-03T18:55:51.433Z] Both servers started successfully. Press Ctrl+C to exit.
[2025-04-03T19:40:28.244Z] Starting both main server and proxy server...
[2025-04-03T19:40:28.259Z] Server PID: 5666, Proxy PID: 5667
[2025-04-03T19:40:28.259Z] Both servers started successfully. Press Ctrl+C to exit.
[2025-04-03T19:40:59.256Z] Starting both main server and proxy server...
[2025-04-03T19:40:59.269Z] Server PID: 5774, Proxy PID: 5775
[2025-04-03T19:40:59.269Z] Both servers started successfully. Press Ctrl+C to exit.
[2025-04-03T19:45:26.142Z] Starting both main server and proxy server...
[2025-04-03T19:45:26.158Z] Server PID: 6718, Proxy PID: 6719
[2025-04-03T19:45:26.158Z] Both servers started successfully. Press Ctrl+C to exit.
[2025-04-03T19:51:14.710Z] Starting both main server and proxy server...
[2025-04-03T19:51:14.752Z] Server PID: 7335, Proxy PID: 7336
[2025-04-03T19:51:14.753Z] Both servers started successfully. Press Ctrl+C to exit.
[2025-04-03T19:51:44.180Z] Starting both main server and proxy server...
[2025-04-03T19:51:44.203Z] Server PID: 7474, Proxy PID: 7475
[2025-04-03T19:51:44.203Z] Both servers started successfully. Press Ctrl+C to exit.
[2025-04-03T20:00:53.742Z] Starting both main server and proxy server...
[2025-04-03T20:00:53.763Z] Server PID: 8318, Proxy PID: 8319
[2025-04-03T20:00:53.764Z] Both servers started successfully. Press Ctrl+C to exit.
[2025-04-03T20:26:53.769Z] Starting both main server and proxy server...
[2025-04-03T20:26:53.794Z] Server PID: 12667, Proxy PID: 12668
[2025-04-03T20:26:53.794Z] Both servers started successfully. Press Ctrl+C to exit.
[2025-04-04T14:29:44.616Z] Starting both main server and proxy server...
[2025-04-04T14:29:44.692Z] Server PID: 9238, Proxy PID: 9239
[2025-04-04T14:29:44.692Z] Both servers started successfully. Press Ctrl+C to exit.
