
  VITE v5.4.14  ready in 193 ms

  ➜  Local:   http://localhost:3002/
  ➜  Network: use --host to expose
Error: The following dependencies are imported but could not be resolved:

  @/components/ui/simple-avatar (imported by /home/runner/workspace/client/src/components/layout/header.tsx)
  @/hooks/use-auth (imported by /home/runner/workspace/client/src/components/layout/header.tsx)
  @/components/layout/header (imported by /home/runner/workspace/client/src/pages/combined-medications-page.tsx)
  @/hooks/use-offline-status (imported by /home/runner/workspace/client/src/components/OfflineNotification.tsx)
  @/components/AvatarUploader (imported by /home/runner/workspace/client/src/pages/AvatarTest.tsx)
  @/lib/queryClient (imported by /home/runner/workspace/client/src/pages/ContextAwareRecommendations.tsx)
  @/components/SimplifiedLoginForm (imported by /home/runner/workspace/client/src/pages/simplified-auth-page.tsx)
  @/components/layout/bottom-navigation (imported by /home/runner/workspace/client/src/pages/combined-medications-page.tsx)
  @/components/ui/card (imported by /home/runner/workspace/client/src/pages/dashboard-page.tsx)
  @/hooks/use-help-guides (imported by /home/runner/workspace/client/src/pages/help-guides-page.tsx)
  @/components/smart-recommendations/SmartRecommendationsTab (imported by /home/runner/workspace/client/src/pages/SmartRecommendationsPage.tsx)
  @/hooks/use-toast (imported by /home/runner/workspace/client/src/pages/supplements-page.tsx)
  @/lib/navigation (imported by /home/runner/workspace/client/src/components/layout/header.tsx)
  @/components/ui/button (imported by /home/runner/workspace/client/src/pages/dashboard-page.tsx)
  @/hooks/use-medications (imported by /home/runner/workspace/client/src/pages/profile-page.tsx)
  @/components/dashboard/health-metrics-summary (imported by /home/runner/workspace/client/src/pages/dashboard-page.tsx)
  @/components/page-layout (imported by /home/runner/workspace/client/src/pages/ContextAwareRecommendations.tsx)
  @/components/smart-recommendations/BottomNavigationWithSmart (imported by /home/runner/workspace/client/src/pages/SmartRecommendationsPage.tsx)
  @/lib/performance-optimizer (imported by /home/runner/workspace/client/src/components/OptimizedLoadingSpinner.tsx)
  @/components/ui/tabs (imported by /home/runner/workspace/client/src/pages/settings-page.tsx)
  @/components/admin/AdminDashboard (imported by /home/runner/workspace/client/src/pages/admin-page.tsx)
  @/components/ui/simple-tabs (imported by /home/runner/workspace/client/src/pages/journal-page.tsx)
  @/components/ui/textarea (imported by /home/runner/workspace/client/src/pages/combined-medications-page.tsx)
  @/components/dashboard/bloodwork-visualization (imported by /home/runner/workspace/client/src/pages/dashboard-page.tsx)
  @/components/ui/separator (imported by /home/runner/workspace/client/src/pages/AIOptimizationDemo.tsx)
  @/components/help/help-guides-list (imported by /home/runner/workspace/client/src/pages/help-guides-page.tsx)
  @/components/ui/badge (imported by /home/runner/workspace/client/src/pages/medications-page.tsx)
  @/components/ui/switch (imported by /home/runner/workspace/client/src/pages/profile-page.tsx)
  @/hooks/use-mobile (imported by /home/runner/workspace/client/src/components/AccessibilityOptimizations.tsx)
  @/components/ui/form (imported by /home/runner/workspace/client/src/pages/combined-medications-page.tsx)
  @/components/onboarding/OnboardingWalkthrough (imported by /home/runner/workspace/client/src/pages/OnboardingPage.tsx)
  @/components/ui/simple-dialog (imported by /home/runner/workspace/client/src/pages/combined-medications-page.tsx)
  @/components/ui/icons (imported by /home/runner/workspace/client/src/pages/ContextAwareRecommendations.tsx)
  @/hooks/use-health-data (imported by /home/runner/workspace/client/src/pages/health-page.tsx)
  @/components/journal/journal-feature (imported by /home/runner/workspace/client/src/pages/dashboard-page.tsx)
  @/components/ui/label (imported by /home/runner/workspace/client/src/pages/medications-page.tsx)
  @/config/mobile-config (imported by /home/runner/workspace/client/src/components/AccessibilityOptimizations.tsx)
  @/lib/component-compatibility-layer (imported by /home/runner/workspace/client/src/pages/medications-page.tsx)
  @/components/ui/input (imported by /home/runner/workspace/client/src/pages/combined-medications-page.tsx)
  @/components/help/SignupGuide (imported by /home/runner/workspace/client/src/pages/help-guides-page.tsx)
  @/components/ui/skeleton (imported by /home/runner/workspace/client/src/pages/AIOptimizationDemo.tsx)
  @/components/challenges/challenges-panel (imported by /home/runner/workspace/client/src/pages/dashboard-page.tsx)
  @/components/ui/select (imported by /home/runner/workspace/client/src/pages/combined-medications-page.tsx)
  @/components/dashboard/supplement-manager (imported by /home/runner/workspace/client/src/pages/dashboard-page.tsx)
  @/components/ui/scroll-area (imported by /home/runner/workspace/client/src/pages/AIOptimizationDemo.tsx)
  @/components/dashboard/community-highlights (imported by /home/runner/workspace/client/src/pages/dashboard-page.tsx)
  @/components/subscription/PromoCodeForm (imported by /home/runner/workspace/client/src/pages/subscribe-page.tsx)
  @/hooks/use-community (imported by /home/runner/workspace/client/src/pages/combined-journal-page.tsx)
  @/hooks/use-supplements (imported by /home/runner/workspace/client/src/pages/supplements-page.tsx)
  @/components/ui/progress (imported by /home/runner/workspace/client/src/pages/AIOptimizationDemo.tsx)
  @/lib/utils (imported by /home/runner/workspace/client/src/components/ui/button.tsx)
  @/hooks/use-theme (imported by /home/runner/workspace/client/src/components/layout/header.tsx)
  @/components/ui/alert (imported by /home/runner/workspace/client/src/pages/AIOptimizationDemo.tsx)
  @/hooks/use-navigate (imported by /home/runner/workspace/client/src/pages/settings-page.tsx)
  @/lib/performance-monitor (imported by /home/runner/workspace/client/src/components/ResponsiveOptimizations.tsx)
  @/hooks/use-journal (imported by /home/runner/workspace/client/src/pages/combined-journal-page.tsx)
  @/components/health/health-metric-selector (imported by /home/runner/workspace/client/src/pages/health-page.tsx)
  @/hooks/use-context-aware (imported by /home/runner/workspace/client/src/pages/dashboard-page.tsx)
  @/components/supplements/supplement-recommendations (imported by /home/runner/workspace/client/src/pages/combined-medications-page.tsx)
  @/components/ui/alert-dialog (imported by /home/runner/workspace/client/src/pages/combined-medications-page.tsx)
  @/components/health/bloodwork-visualization (imported by /home/runner/workspace/client/src/pages/health-page.tsx)
  @shared/schema (imported by /home/runner/workspace/client/src/pages/medications-page.tsx)
  @/components/supplements/bulk-delete-supplements (imported by /home/runner/workspace/client/src/pages/supplements-page.tsx)
  @/components/health/wearable-devices (imported by /home/runner/workspace/client/src/pages/health-page.tsx)
  @/components/health/analyzer (imported by /home/runner/workspace/client/src/pages/health-page.tsx)
  @/components/ui/dropdown-menu (imported by /home/runner/workspace/client/src/pages/supplements-page.tsx)
  @/hooks/use-questionnaire (imported by /home/runner/workspace/client/src/pages/profile-page.tsx)
  @/components/ui/calendar (imported by /home/runner/workspace/client/src/pages/medications-page.tsx)
  @/components/supplements/supplement-interactions-fixed (imported by /home/runner/workspace/client/src/pages/combined-medications-page.tsx)
  @/components/profile/ProfileCompletionCalculator (imported by /home/runner/workspace/client/src/pages/profile-page.tsx)
  @/components/ui/simple-alert-dialog (imported by /home/runner/workspace/client/src/pages/supplements-page.tsx)
  @/components/medications/medication-card (imported by /home/runner/workspace/client/src/pages/combined-medications-page.tsx)

Are they installed?
    at file:///home/runner/workspace/node_modules/vite/dist/node/chunks/dep-CHZK6zbr.js:50668:15
    at process.processTicksAndRejections (node:internal/process/task_queues:95:5)
    at async file:///home/runner/workspace/node_modules/vite/dist/node/chunks/dep-CHZK6zbr.js:50173:26
